2025-04-05 19:03:17 [main] INFO  com.flights.FlightsApplication - Starting FlightsApplication using Java 23.0.1 with PID 6536 (F:\CG_CaseStudy\FlighBookingSystem\Flights\target\classes started by Lenovo in F:\CG_CaseStudy\FlighBookingSystem\API-Gateway)
2025-04-05 19:03:17 [main] INFO  com.flights.FlightsApplication - No active profile set, falling back to 1 default profile: "default"
2025-04-05 19:03:20 [main] INFO  o.s.d.r.c.RepositoryConfigurationDelegate - Bootstrapping Spring Data JPA repositories in DEFAULT mode.
2025-04-05 19:03:21 [main] INFO  o.s.d.r.c.RepositoryConfigurationDelegate - Finished Spring Data repository scanning in 121 ms. Found 1 JPA repository interface.
2025-04-05 19:03:24 [main] INFO  o.s.b.w.e.tomcat.TomcatWebServer - Tomcat initialized with port 8082 (http)
2025-04-05 19:03:24 [main] INFO  o.a.catalina.core.StandardService - Starting service [Tomcat]
2025-04-05 19:03:24 [main] INFO  o.a.catalina.core.StandardEngine - Starting Servlet engine: [Apache Tomcat/10.1.39]
2025-04-05 19:03:24 [main] INFO  o.a.c.c.C.[Tomcat].[localhost].[/] - Initializing Spring embedded WebApplicationContext
2025-04-05 19:03:24 [main] INFO  o.s.b.w.s.c.ServletWebServerApplicationContext - Root WebApplicationContext: initialization completed in 6424 ms
2025-04-05 19:03:25 [main] INFO  o.h.jpa.internal.util.LogHelper - HHH000204: Processing PersistenceUnitInfo [name: default]
2025-04-05 19:03:25 [main] INFO  org.hibernate.Version - HHH000412: Hibernate ORM core version 6.6.11.Final
2025-04-05 19:03:25 [main] INFO  o.h.c.i.RegionFactoryInitiator - HHH000026: Second-level cache disabled
2025-04-05 19:03:26 [main] INFO  o.s.o.j.p.SpringPersistenceUnitInfo - No LoadTimeWeaver setup: ignoring JPA class transformer
2025-04-05 19:03:26 [main] INFO  com.zaxxer.hikari.HikariDataSource - HikariPool-1 - Starting...
2025-04-05 19:03:28 [main] INFO  com.zaxxer.hikari.pool.HikariPool - HikariPool-1 - Added connection com.mysql.cj.jdbc.ConnectionImpl@6c2dd88b
2025-04-05 19:03:28 [main] INFO  com.zaxxer.hikari.HikariDataSource - HikariPool-1 - Start completed.
2025-04-05 19:03:28 [main] INFO  o.hibernate.orm.connections.pooling - HHH10001005: Database info:
	Database JDBC URL [Connecting through datasource 'HikariDataSource (HikariPool-1)']
	Database driver: undefined/unknown
	Database version: 8.0.41
	Autocommit mode: undefined/unknown
	Isolation level: undefined/unknown
	Minimum pool size: undefined/unknown
	Maximum pool size: undefined/unknown
2025-04-05 19:03:30 [main] INFO  o.h.e.t.j.p.i.JtaPlatformInitiator - HHH000489: No JTA platform available (set 'hibernate.transaction.jta.platform' to enable JTA platform integration)
2025-04-05 19:03:31 [main] INFO  o.s.o.j.LocalContainerEntityManagerFactoryBean - Initialized JPA EntityManagerFactory for persistence unit 'default'
2025-04-05 19:03:32 [main] WARN  o.s.b.a.o.j.JpaBaseConfiguration$JpaWebConfiguration - spring.jpa.open-in-view is enabled by default. Therefore, database queries may be performed during view rendering. Explicitly configure spring.jpa.open-in-view to disable this warning
2025-04-05 19:03:32 [main] INFO  o.s.v.b.OptionalValidatorFactoryBean - Failed to set up a Bean Validation provider: jakarta.validation.NoProviderFoundException: Unable to create a Configuration, because no Jakarta Bean Validation provider could be found. Add a provider like Hibernate Validator (RI) to your classpath.
2025-04-05 19:03:34 [main] INFO  o.s.b.a.e.web.EndpointLinksResolver - Exposing 1 endpoint beneath base path '/actuator'
2025-04-05 19:03:34 [main] INFO  o.s.b.w.e.tomcat.TomcatWebServer - Tomcat started on port 8082 (http) with context path '/'
2025-04-05 19:03:34 [main] INFO  com.flights.FlightsApplication - Started FlightsApplication in 19.092 seconds (process running for 20.652)
2025-04-05 19:06:18 [SpringApplicationShutdownHook] INFO  o.s.b.w.e.tomcat.GracefulShutdown - Commencing graceful shutdown. Waiting for active requests to complete
2025-04-05 19:06:19 [tomcat-shutdown] INFO  o.s.b.w.e.tomcat.GracefulShutdown - Graceful shutdown complete
2025-04-05 19:06:19 [SpringApplicationShutdownHook] INFO  o.s.o.j.LocalContainerEntityManagerFactoryBean - Closing JPA EntityManagerFactory for persistence unit 'default'
2025-04-05 19:06:19 [SpringApplicationShutdownHook] INFO  com.zaxxer.hikari.HikariDataSource - HikariPool-1 - Shutdown initiated...
2025-04-05 19:06:19 [SpringApplicationShutdownHook] INFO  com.zaxxer.hikari.HikariDataSource - HikariPool-1 - Shutdown completed.
2025-04-05 19:08:09 [main] INFO  com.flights.FlightsApplication - Starting FlightsApplication using Java 23.0.1 with PID 10496 (F:\CG_CaseStudy\FlighBookingSystem\Flights\target\classes started by Lenovo in F:\CG_CaseStudy\FlighBookingSystem\API-Gateway)
2025-04-05 19:08:09 [main] INFO  com.flights.FlightsApplication - No active profile set, falling back to 1 default profile: "default"
2025-04-05 19:08:13 [main] INFO  o.s.d.r.c.RepositoryConfigurationDelegate - Bootstrapping Spring Data JPA repositories in DEFAULT mode.
2025-04-05 19:08:13 [main] INFO  o.s.d.r.c.RepositoryConfigurationDelegate - Finished Spring Data repository scanning in 173 ms. Found 1 JPA repository interface.
2025-04-05 19:08:15 [main] INFO  o.s.b.w.e.tomcat.TomcatWebServer - Tomcat initialized with port 8082 (http)
2025-04-05 19:08:15 [main] INFO  o.a.catalina.core.StandardService - Starting service [Tomcat]
2025-04-05 19:08:15 [main] INFO  o.a.catalina.core.StandardEngine - Starting Servlet engine: [Apache Tomcat/10.1.39]
2025-04-05 19:08:15 [main] INFO  o.a.c.c.C.[Tomcat].[localhost].[/] - Initializing Spring embedded WebApplicationContext
2025-04-05 19:08:15 [main] INFO  o.s.b.w.s.c.ServletWebServerApplicationContext - Root WebApplicationContext: initialization completed in 6295 ms
2025-04-05 19:08:17 [main] INFO  o.h.jpa.internal.util.LogHelper - HHH000204: Processing PersistenceUnitInfo [name: default]
2025-04-05 19:08:17 [main] INFO  org.hibernate.Version - HHH000412: Hibernate ORM core version 6.6.11.Final
2025-04-05 19:08:17 [main] INFO  o.h.c.i.RegionFactoryInitiator - HHH000026: Second-level cache disabled
2025-04-05 19:08:18 [main] INFO  o.s.o.j.p.SpringPersistenceUnitInfo - No LoadTimeWeaver setup: ignoring JPA class transformer
2025-04-05 19:08:18 [main] INFO  com.zaxxer.hikari.HikariDataSource - HikariPool-1 - Starting...
2025-04-05 19:08:20 [main] INFO  com.zaxxer.hikari.pool.HikariPool - HikariPool-1 - Added connection com.mysql.cj.jdbc.ConnectionImpl@1d0dad12
2025-04-05 19:08:20 [main] INFO  com.zaxxer.hikari.HikariDataSource - HikariPool-1 - Start completed.
2025-04-05 19:08:20 [main] INFO  o.hibernate.orm.connections.pooling - HHH10001005: Database info:
	Database JDBC URL [Connecting through datasource 'HikariDataSource (HikariPool-1)']
	Database driver: undefined/unknown
	Database version: 8.0.41
	Autocommit mode: undefined/unknown
	Isolation level: undefined/unknown
	Minimum pool size: undefined/unknown
	Maximum pool size: undefined/unknown
2025-04-05 19:08:22 [main] INFO  o.h.e.t.j.p.i.JtaPlatformInitiator - HHH000489: No JTA platform available (set 'hibernate.transaction.jta.platform' to enable JTA platform integration)
2025-04-05 19:08:23 [main] INFO  o.s.o.j.LocalContainerEntityManagerFactoryBean - Initialized JPA EntityManagerFactory for persistence unit 'default'
2025-04-05 19:08:25 [main] WARN  o.s.b.a.o.j.JpaBaseConfiguration$JpaWebConfiguration - spring.jpa.open-in-view is enabled by default. Therefore, database queries may be performed during view rendering. Explicitly configure spring.jpa.open-in-view to disable this warning
2025-04-05 19:08:27 [main] INFO  o.s.b.a.e.web.EndpointLinksResolver - Exposing 1 endpoint beneath base path '/actuator'
2025-04-05 19:08:27 [main] INFO  o.s.b.w.e.tomcat.TomcatWebServer - Tomcat started on port 8082 (http) with context path '/'
2025-04-05 19:08:27 [main] INFO  com.flights.FlightsApplication - Started FlightsApplication in 20.183 seconds (process running for 21.633)
2025-04-05 19:08:43 [main] INFO  com.search.SearchApplication - Starting SearchApplication using Java 23.0.1 with PID 6076 (F:\CG_CaseStudy\FlighBookingSystem\Search\target\classes started by Lenovo in F:\CG_CaseStudy\FlighBookingSystem\API-Gateway)
2025-04-05 19:08:43 [main] INFO  com.search.SearchApplication - No active profile set, falling back to 1 default profile: "default"
2025-04-05 19:08:44 [main] INFO  o.s.cloud.context.scope.GenericScope - BeanFactory id=21ed8138-8762-3e84-80b4-85695ebfb89c
2025-04-05 19:08:45 [main] INFO  o.s.b.w.e.tomcat.TomcatWebServer - Tomcat initialized with port 8083 (http)
2025-04-05 19:08:45 [main] INFO  o.a.catalina.core.StandardService - Starting service [Tomcat]
2025-04-05 19:08:45 [main] INFO  o.a.catalina.core.StandardEngine - Starting Servlet engine: [Apache Tomcat/10.1.39]
2025-04-05 19:08:45 [main] INFO  o.a.c.c.C.[Tomcat].[localhost].[/] - Initializing Spring embedded WebApplicationContext
2025-04-05 19:08:45 [main] INFO  o.s.b.w.s.c.ServletWebServerApplicationContext - Root WebApplicationContext: initialization completed in 2521 ms
2025-04-05 19:08:47 [main] INFO  o.s.b.a.e.web.EndpointLinksResolver - Exposing 1 endpoint beneath base path '/actuator'
2025-04-05 19:08:47 [main] INFO  o.s.b.w.e.tomcat.TomcatWebServer - Tomcat started on port 8083 (http) with context path '/'
2025-04-05 19:08:47 [main] INFO  com.search.SearchApplication - Started SearchApplication in 5.248 seconds (process running for 6.213)
2025-04-05 19:09:10 [http-nio-8083-exec-1] INFO  o.a.c.c.C.[Tomcat].[localhost].[/] - Initializing Spring DispatcherServlet 'dispatcherServlet'
2025-04-05 19:09:10 [http-nio-8083-exec-1] INFO  o.s.web.servlet.DispatcherServlet - Initializing Servlet 'dispatcherServlet'
2025-04-05 19:09:10 [http-nio-8083-exec-1] INFO  o.s.web.servlet.DispatcherServlet - Completed initialization in 1 ms
2025-04-05 19:09:10 [http-nio-8082-exec-1] INFO  o.a.c.c.C.[Tomcat].[localhost].[/] - Initializing Spring DispatcherServlet 'dispatcherServlet'
2025-04-05 19:09:10 [http-nio-8082-exec-1] INFO  o.s.web.servlet.DispatcherServlet - Initializing Servlet 'dispatcherServlet'
2025-04-05 19:09:10 [http-nio-8082-exec-1] INFO  o.s.web.servlet.DispatcherServlet - Completed initialization in 3 ms
2025-04-05 19:14:44 [SpringApplicationShutdownHook] INFO  o.s.b.w.e.tomcat.GracefulShutdown - Commencing graceful shutdown. Waiting for active requests to complete
2025-04-05 19:14:44 [tomcat-shutdown] INFO  o.s.b.w.e.tomcat.GracefulShutdown - Graceful shutdown complete
2025-04-05 19:15:49 [main] INFO  com.search.SearchApplication - Starting SearchApplication using Java 23.0.1 with PID 19088 (F:\CG_CaseStudy\FlighBookingSystem\Search\target\classes started by Lenovo in F:\CG_CaseStudy\FlighBookingSystem\API-Gateway)
2025-04-05 19:15:49 [main] INFO  com.search.SearchApplication - No active profile set, falling back to 1 default profile: "default"
2025-04-05 19:15:51 [main] INFO  o.s.cloud.context.scope.GenericScope - BeanFactory id=21ed8138-8762-3e84-80b4-85695ebfb89c
2025-04-05 19:15:51 [main] INFO  o.s.b.w.e.tomcat.TomcatWebServer - Tomcat initialized with port 8083 (http)
2025-04-05 19:15:51 [main] INFO  o.a.catalina.core.StandardService - Starting service [Tomcat]
2025-04-05 19:15:51 [main] INFO  o.a.catalina.core.StandardEngine - Starting Servlet engine: [Apache Tomcat/10.1.39]
2025-04-05 19:15:51 [main] INFO  o.a.c.c.C.[Tomcat].[localhost].[/] - Initializing Spring embedded WebApplicationContext
2025-04-05 19:15:51 [main] INFO  o.s.b.w.s.c.ServletWebServerApplicationContext - Root WebApplicationContext: initialization completed in 2046 ms
2025-04-05 19:15:54 [main] INFO  o.s.b.a.e.web.EndpointLinksResolver - Exposing 1 endpoint beneath base path '/actuator'
2025-04-05 19:15:54 [main] INFO  o.s.b.w.e.tomcat.TomcatWebServer - Tomcat started on port 8083 (http) with context path '/'
2025-04-05 19:15:54 [main] INFO  com.search.SearchApplication - Started SearchApplication in 5.083 seconds (process running for 5.791)
2025-04-05 19:15:54 [main] INFO  com.search.SearchApplication - Application started successfully!
2025-04-05 19:18:25 [SpringApplicationShutdownHook] INFO  o.s.b.w.e.tomcat.GracefulShutdown - Commencing graceful shutdown. Waiting for active requests to complete
2025-04-05 19:18:25 [tomcat-shutdown] INFO  o.s.b.w.e.tomcat.GracefulShutdown - Graceful shutdown complete
2025-04-05 19:18:30 [main] INFO  com.search.SearchApplication - Starting SearchApplication using Java 23.0.1 with PID 22224 (F:\CG_CaseStudy\FlighBookingSystem\Search\target\classes started by Lenovo in F:\CG_CaseStudy\FlighBookingSystem\API-Gateway)
2025-04-05 19:18:30 [main] INFO  com.search.SearchApplication - No active profile set, falling back to 1 default profile: "default"
2025-04-05 19:18:31 [main] INFO  o.s.cloud.context.scope.GenericScope - BeanFactory id=21ed8138-8762-3e84-80b4-85695ebfb89c
2025-04-05 19:18:32 [main] INFO  o.s.b.w.e.tomcat.TomcatWebServer - Tomcat initialized with port 8083 (http)
2025-04-05 19:18:32 [main] INFO  o.a.catalina.core.StandardService - Starting service [Tomcat]
2025-04-05 19:18:32 [main] INFO  o.a.catalina.core.StandardEngine - Starting Servlet engine: [Apache Tomcat/10.1.39]
2025-04-05 19:18:32 [main] INFO  o.a.c.c.C.[Tomcat].[localhost].[/] - Initializing Spring embedded WebApplicationContext
2025-04-05 19:18:32 [main] INFO  o.s.b.w.s.c.ServletWebServerApplicationContext - Root WebApplicationContext: initialization completed in 2283 ms
2025-04-05 19:18:34 [main] INFO  o.s.b.a.e.web.EndpointLinksResolver - Exposing 1 endpoint beneath base path '/actuator'
2025-04-05 19:18:34 [main] INFO  o.s.b.w.e.tomcat.TomcatWebServer - Tomcat started on port 8083 (http) with context path '/'
2025-04-05 19:18:34 [main] INFO  com.search.SearchApplication - Started SearchApplication in 4.643 seconds (process running for 5.318)
2025-04-05 19:18:34 [main] INFO  com.search.SearchApplication - Application started successfully!
2025-04-05 19:18:59 [SpringApplicationShutdownHook] INFO  o.s.b.w.e.tomcat.GracefulShutdown - Commencing graceful shutdown. Waiting for active requests to complete
2025-04-05 19:18:59 [tomcat-shutdown] INFO  o.s.b.w.e.tomcat.GracefulShutdown - Graceful shutdown complete
2025-04-05 19:19:03 [main] INFO  com.search.SearchApplication - Starting SearchApplication using Java 23.0.1 with PID 19824 (F:\CG_CaseStudy\FlighBookingSystem\Search\target\classes started by Lenovo in F:\CG_CaseStudy\FlighBookingSystem\API-Gateway)
2025-04-05 19:19:03 [main] INFO  com.search.SearchApplication - No active profile set, falling back to 1 default profile: "default"
2025-04-05 19:19:05 [main] INFO  o.s.cloud.context.scope.GenericScope - BeanFactory id=21ed8138-8762-3e84-80b4-85695ebfb89c
2025-04-05 19:19:05 [main] INFO  o.s.b.w.e.tomcat.TomcatWebServer - Tomcat initialized with port 8083 (http)
2025-04-05 19:19:05 [main] INFO  o.a.catalina.core.StandardService - Starting service [Tomcat]
2025-04-05 19:19:05 [main] INFO  o.a.catalina.core.StandardEngine - Starting Servlet engine: [Apache Tomcat/10.1.39]
2025-04-05 19:19:05 [main] INFO  o.a.c.c.C.[Tomcat].[localhost].[/] - Initializing Spring embedded WebApplicationContext
2025-04-05 19:19:05 [main] INFO  o.s.b.w.s.c.ServletWebServerApplicationContext - Root WebApplicationContext: initialization completed in 1855 ms
2025-04-05 19:19:07 [main] INFO  o.s.b.a.e.web.EndpointLinksResolver - Exposing 1 endpoint beneath base path '/actuator'
2025-04-05 19:19:07 [main] INFO  o.s.b.w.e.tomcat.TomcatWebServer - Tomcat started on port 8083 (http) with context path '/'
2025-04-05 19:19:07 [main] INFO  com.search.SearchApplication - Started SearchApplication in 4.102 seconds (process running for 4.715)
2025-04-05 19:19:07 [main] INFO  com.search.SearchApplication - Application started successfully ohooo!
2025-04-05 19:23:49 [SpringApplicationShutdownHook] INFO  o.s.b.w.e.tomcat.GracefulShutdown - Commencing graceful shutdown. Waiting for active requests to complete
2025-04-05 19:23:49 [tomcat-shutdown] INFO  o.s.b.w.e.tomcat.GracefulShutdown - Graceful shutdown complete
2025-04-05 19:23:49 [SpringApplicationShutdownHook] INFO  o.s.b.w.e.tomcat.GracefulShutdown - Commencing graceful shutdown. Waiting for active requests to complete
2025-04-05 19:23:49 [tomcat-shutdown] INFO  o.s.b.w.e.tomcat.GracefulShutdown - Graceful shutdown complete
2025-04-05 19:23:49 [SpringApplicationShutdownHook] INFO  o.s.o.j.LocalContainerEntityManagerFactoryBean - Closing JPA EntityManagerFactory for persistence unit 'default'
2025-04-05 19:23:49 [SpringApplicationShutdownHook] INFO  com.zaxxer.hikari.HikariDataSource - HikariPool-1 - Shutdown initiated...
2025-04-05 19:23:49 [SpringApplicationShutdownHook] INFO  com.zaxxer.hikari.HikariDataSource - HikariPool-1 - Shutdown completed.
